<?xml version="1.0" encoding="UTF-8"?>
<!-- Generated by org.testng.reporters.JUnitXMLReporter -->
<testsuite hostname="ATMECSINLT-283" ignored="0" name="Default test" tests="6" failures="0" timestamp="2019-10-09T21:23:10 IST" time="33.891" errors="0">
  <testcase name="konaKartClickImage" time="5.919" classname="com.konakart.script.KonaKartScriptScenarioSecond"/>
  <testcase name="validateContentInsideTab" time="0.489" classname="com.konakart.script.KonaKartScriptScenarioSecond"/>
  <testcase name="validateProductReview" time="2.347" classname="com.konakart.script.KonaKartScriptScenarioSecond"/>
  <testcase name="validateProductReview" time="2.221" classname="com.konakart.script.KonaKartScriptScenarioSecond"/>
  <testcase name="validateProductReview" time="2.302" classname="com.konakart.script.KonaKartScriptScenarioSecond"/>
  <testcase name="validateProductReview" time="2.044" classname="com.konakart.script.KonaKartScriptScenarioSecond"/>
</testsuite> <!-- Default test -->
