<?xml version="1.0" encoding="UTF-8"?>
<!-- Generated by org.testng.reporters.JUnitXMLReporter -->
<testsuite hostname="ATMECSINLT-283" ignored="0" name="Default test" tests="13" failures="0" timestamp="2019-10-10T17:21:23 IST" time="50.433" errors="0">
  <testcase name="positiveScenario" time="3.053" classname="com.konakart.script.KonaKartScriptScenarioFirst"/>
  <testcase name="positiveScenario" time="2.179" classname="com.konakart.script.KonaKartScriptScenarioFirst"/>
  <testcase name="positiveScenario" time="1.832" classname="com.konakart.script.KonaKartScriptScenarioFirst"/>
  <testcase name="positiveScenario" time="1.578" classname="com.konakart.script.KonaKartScriptScenarioFirst"/>
  <testcase name="positiveScenario" time="1.797" classname="com.konakart.script.KonaKartScriptScenarioFirst"/>
  <testcase name="positiveScenario" time="1.66" classname="com.konakart.script.KonaKartScriptScenarioFirst"/>
  <testcase name="positiveScenario" time="1.821" classname="com.konakart.script.KonaKartScriptScenarioFirst"/>
  <testcase name="negativeScenario" time="2.583" classname="com.konakart.script.KonaKartScriptScenarioFirst"/>
  <testcase name="negativeScenario" time="2.564" classname="com.konakart.script.KonaKartScriptScenarioFirst"/>
  <testcase name="negativeScenario" time="2.682" classname="com.konakart.script.KonaKartScriptScenarioFirst"/>
  <testcase name="negativeScenario" time="2.816" classname="com.konakart.script.KonaKartScriptScenarioFirst"/>
  <testcase name="negativeScenario" time="2.673" classname="com.konakart.script.KonaKartScriptScenarioFirst"/>
  <testcase name="negativeScenario" time="3.066" classname="com.konakart.script.KonaKartScriptScenarioFirst"/>
</testsuite> <!-- Default test -->
