<?xml version="1.0" encoding="UTF-8"?>
<!-- Generated by org.testng.reporters.JUnitXMLReporter -->
<testsuite hostname="ATMECSINLT-283" ignored="0" name="contentmenu" tests="6" failures="0" timestamp="2019-10-10T17:32:56 IST" time="31.515" errors="0">
  <testcase name="konaKartClickImage" time="5.463" classname="com.konakart.script.KonaKartScriptScenarioSecond"/>
  <testcase name="validateContentInsideTab" time="0.474" classname="com.konakart.script.KonaKartScriptScenarioSecond"/>
  <testcase name="validateProductReview" time="2.022" classname="com.konakart.script.KonaKartScriptScenarioSecond"/>
  <testcase name="validateProductReview" time="1.943" classname="com.konakart.script.KonaKartScriptScenarioSecond"/>
  <testcase name="validateProductReview" time="2.032" classname="com.konakart.script.KonaKartScriptScenarioSecond"/>
  <testcase name="validateProductReview" time="2.082" classname="com.konakart.script.KonaKartScriptScenarioSecond"/>
</testsuite> <!-- contentmenu -->
