<?xml version="1.0" encoding="UTF-8"?>
<!-- Generated by org.testng.reporters.JUnitXMLReporter -->
<testsuite hostname="ATMECSINLT-283" ignored="0" name="Test" tests="2" failures="0" timestamp="2019-10-07T21:31:25 IST" time="22.462" errors="0">
  <testcase name="positiveScenario" time="0.0" classname="com.konakart.script.KonaKartScriptScenarioFirst">
    <skipped/>
  </testcase> <!-- positiveScenario -->
  <testcase name="negativeScenario" time="3.396" classname="com.konakart.script.KonaKartScriptScenarioFirst"/>
</testsuite> <!-- Test -->
