<?xml version="1.0" encoding="UTF-8"?>
<!-- Generated by org.testng.reporters.JUnitXMLReporter -->
<testsuite hostname="ATMECSINLT-283" ignored="0" name="Test" tests="13" failures="0" timestamp="2019-10-09T17:46:31 IST" time="60.942" errors="0">
  <testcase name="positiveScenario" time="4.275" classname="com.konakart.script.KonaKartScriptScenarioFirst"/>
  <testcase name="positiveScenario" time="2.115" classname="com.konakart.script.KonaKartScriptScenarioFirst"/>
  <testcase name="positiveScenario" time="2.21" classname="com.konakart.script.KonaKartScriptScenarioFirst"/>
  <testcase name="positiveScenario" time="2.598" classname="com.konakart.script.KonaKartScriptScenarioFirst"/>
  <testcase name="positiveScenario" time="2.686" classname="com.konakart.script.KonaKartScriptScenarioFirst"/>
  <testcase name="positiveScenario" time="2.648" classname="com.konakart.script.KonaKartScriptScenarioFirst"/>
  <testcase name="positiveScenario" time="2.312" classname="com.konakart.script.KonaKartScriptScenarioFirst"/>
  <testcase name="negativeScenario" time="3.585" classname="com.konakart.script.KonaKartScriptScenarioFirst"/>
  <testcase name="negativeScenario" time="4.171" classname="com.konakart.script.KonaKartScriptScenarioFirst"/>
  <testcase name="negativeScenario" time="3.523" classname="com.konakart.script.KonaKartScriptScenarioFirst"/>
  <testcase name="negativeScenario" time="4.879" classname="com.konakart.script.KonaKartScriptScenarioFirst"/>
  <testcase name="negativeScenario" time="3.756" classname="com.konakart.script.KonaKartScriptScenarioFirst"/>
  <testcase name="negativeScenario" time="3.63" classname="com.konakart.script.KonaKartScriptScenarioFirst"/>
</testsuite> <!-- Test -->
