<?xml version="1.0" encoding="UTF-8"?>
<testng-results skipped="0" failed="0" ignored="0" total="2" passed="2">
  <reporter-output>
  </reporter-output>
  <suite name="Suite" duration-ms="36167" started-at="2019-10-08T01:37:33 IST" finished-at="2019-10-08T01:38:09 IST">
    <groups>
    </groups>
    <test name="Test" duration-ms="36167" started-at="2019-10-08T01:37:33 IST" finished-at="2019-10-08T01:38:09 IST">
      <class name="com.konakart.script.KonaKartScriptScenarioSecond">
        <test-method status="PASS" signature="configSetup()[pri:0, instance:com.konakart.script.KonaKartScriptScenarioSecond@56aac163]" name="configSetup" is-config="true" duration-ms="17490" started-at="2019-10-08T01:37:33 IST" finished-at="2019-10-08T01:37:51 IST">
          <reporter-output>
          </reporter-output>
        </test-method> <!-- configSetup -->
        <test-method status="PASS" signature="konaKartClickImage()[pri:3, instance:com.konakart.script.KonaKartScriptScenarioSecond@56aac163]" name="konaKartClickImage" duration-ms="5413" started-at="2019-10-08T01:37:51 IST" finished-at="2019-10-08T01:37:56 IST">
          <reporter-output>
          </reporter-output>
        </test-method> <!-- konaKartClickImage -->
        <test-method status="PASS" signature="validateContentInsideTab(java.lang.String, java.lang.String)[pri:4, instance:com.konakart.script.KonaKartScriptScenarioSecond@56aac163]" name="validateContentInsideTab" duration-ms="11849" started-at="2019-10-08T01:37:58 IST" data-provider="productContent" finished-at="2019-10-08T01:38:09 IST">
          <params>
            <param index="0">
              <value>
                <![CDATA[World's most advanced 7" tablet
1280x800 HD display with polarizing filter and anti-glare 
technology for rich color and deep contrast from any viewing angle
Exclusive Dolby audio and dual-driver stereo speakers 
for immersive, virtual surround sound
World's first tablet with dual-band, dual-antenna Wi-Fi for 40% faster downloads and streaming (compared to iPad 3)
High performance 1.2 Ghz dual-core processor with Imagination PowerVR 3D graphics core for fast and fluid performance]]>
              </value>
            </param>
            <param index="1">
              <value>
                <![CDATA[Add your product specifications here. By default, the Enterprise 
version of KonaKart displays the template based custom attributes.]]>
              </value>
            </param>
          </params>
          <reporter-output>
          </reporter-output>
        </test-method> <!-- validateContentInsideTab -->
        <test-method status="PASS" signature="endReport()[pri:0, instance:com.konakart.script.KonaKartScriptScenarioSecond@56aac163]" name="endReport" is-config="true" duration-ms="883" started-at="2019-10-08T01:38:09 IST" finished-at="2019-10-08T01:38:10 IST">
          <reporter-output>
          </reporter-output>
        </test-method> <!-- endReport -->
      </class> <!-- com.konakart.script.KonaKartScriptScenarioSecond -->
    </test> <!-- Test -->
  </suite> <!-- Suite -->
</testng-results>
